2020-05-04 14:00:31,676 - logFile.log - INFO - No Labels...for Advisory_Speed_Limit_080 in MT for Day and Night light conditions!!
2020-05-04 14:00:31,676 - logFile.log - INFO - No Labels...for Advisory_Speed_Limit_080 in MT for Day and Night light conditions!!
2020-05-04 14:00:31,683 - logFile.log - INFO - No Labels...for Advisory_Speed_Limit_End_080 in MT for Day and Night light conditions!!
2020-05-04 14:00:31,684 - logFile.log - INFO - No Labels...for Advisory_Speed_Limit_End_080 in MT for Day and Night light conditions!!
2020-05-04 14:00:31,691 - logFile.log - INFO - No Labels...for Advisory_Speed_Limit_End_060 in MT for Day and Night light conditions!!
2020-05-04 14:00:31,691 - logFile.log - INFO - No Labels...for Advisory_Speed_Limit_End_060 in MT for Day and Night light conditions!!
2020-05-04 14:00:31,700 - logFile.log - INFO - No Labels...for Advisory_Speed_Limit_110 in MT for Day and Night light conditions!!
2020-05-04 14:00:31,700 - logFile.log - INFO - No Labels...for Advisory_Speed_Limit_110 in MT for Day and Night light conditions!!
2020-05-04 14:00:31,742 - logFile.log - INFO - No Labels...for Advisory_Speed_Limit_080 in IT for Day and Night light conditions!!
2020-05-04 14:00:31,742 - logFile.log - INFO - No Labels...for Advisory_Speed_Limit_080 in IT for Day and Night light conditions!!
2020-05-04 14:00:31,750 - logFile.log - INFO - No Labels...for Advisory_Speed_Limit_End_080 in IT for Day and Night light conditions!!
2020-05-04 14:00:31,750 - logFile.log - INFO - No Labels...for Advisory_Speed_Limit_End_080 in IT for Day and Night light conditions!!
2020-05-04 14:00:31,759 - logFile.log - INFO - No Labels...for Advisory_Speed_Limit_End_060 in IT for Day and Night light conditions!!
2020-05-04 14:00:31,759 - logFile.log - INFO - No Labels...for Advisory_Speed_Limit_End_060 in IT for Day and Night light conditions!!
2020-05-04 14:00:31,773 - logFile.log - INFO - No Labels...for Advisory_Speed_Limit_110 in IT for Day and Night light conditions!!
2020-05-04 14:00:31,773 - logFile.log - INFO - No Labels...for Advisory_Speed_Limit_110 in IT for Day and Night light conditions!!
2020-05-04 14:00:31,809 - logFile.log - INFO - No Labels...for Advisory_Speed_Limit_080 in OM for Day and Night light conditions!!
2020-05-04 14:00:31,818 - logFile.log - INFO - No Labels...for Advisory_Speed_Limit_End_080 in OM for Day and Night light conditions!!
2020-05-04 14:00:31,818 - logFile.log - INFO - No Labels...for Advisory_Speed_Limit_End_080 in OM for Day and Night light conditions!!
2020-05-04 14:00:31,825 - logFile.log - INFO - No Labels...for Advisory_Speed_Limit_End_060 in OM for Day and Night light conditions!!
2020-05-04 14:00:31,825 - logFile.log - INFO - No Labels...for Advisory_Speed_Limit_End_060 in OM for Day and Night light conditions!!
2020-05-04 14:00:31,832 - logFile.log - INFO - No Labels...for Advisory_Speed_Limit_110 in OM for Day and Night light conditions!!
2020-05-04 14:00:31,832 - logFile.log - INFO - No Labels...for Advisory_Speed_Limit_110 in OM for Day and Night light conditions!!
2020-05-04 14:00:31,852 - logFile.log - INFO - No Labels...for Advisory_Speed_Limit_080 in RS for Day and Night light conditions!!
2020-05-04 14:00:31,854 - logFile.log - INFO - No Labels...for Advisory_Speed_Limit_080 in RS for Day and Night light conditions!!
2020-05-04 14:00:31,861 - logFile.log - INFO - No Labels...for Advisory_Speed_Limit_End_080 in RS for Day and Night light conditions!!
2020-05-04 14:00:31,861 - logFile.log - INFO - No Labels...for Advisory_Speed_Limit_End_080 in RS for Day and Night light conditions!!
2020-05-04 14:00:31,871 - logFile.log - INFO - No Labels...for Advisory_Speed_Limit_End_060 in RS for Day and Night light conditions!!
2020-05-04 14:00:31,871 - logFile.log - INFO - No Labels...for Advisory_Speed_Limit_End_060 in RS for Day and Night light conditions!!
2020-05-04 14:00:31,878 - logFile.log - INFO - No Labels...for Advisory_Speed_Limit_110 in RS for Day and Night light conditions!!
2020-05-04 14:00:31,878 - logFile.log - INFO - No Labels...for Advisory_Speed_Limit_110 in RS for Day and Night light conditions!!
2020-05-04 14:00:31,933 - logFile.log - INFO - No Labels...for Advisory_Speed_Limit_080 in EE for Day and Night light conditions!!
2020-05-04 14:00:31,933 - logFile.log - INFO - No Labels...for Advisory_Speed_Limit_080 in EE for Day and Night light conditions!!
2020-05-04 14:00:31,940 - logFile.log - INFO - No Labels...for Advisory_Speed_Limit_End_080 in EE for Day and Night light conditions!!
2020-05-04 14:00:31,940 - logFile.log - INFO - No Labels...for Advisory_Speed_Limit_End_080 in EE for Day and Night light conditions!!
2020-05-04 14:00:31,947 - logFile.log - INFO - No Labels...for Advisory_Speed_Limit_End_060 in EE for Day and Night light conditions!!
2020-05-04 14:00:31,947 - logFile.log - INFO - No Labels...for Advisory_Speed_Limit_End_060 in EE for Day and Night light conditions!!
2020-05-04 14:00:31,953 - logFile.log - INFO - No Labels...for Advisory_Speed_Limit_110 in EE for Day and Night light conditions!!
2020-05-04 14:00:31,954 - logFile.log - INFO - No Labels...for Advisory_Speed_Limit_110 in EE for Day and Night light conditions!!
2020-05-04 14:00:31,979 - logFile.log - INFO - No Labels...for Advisory_Speed_Limit_080 in TW for Day and Night light conditions!!
2020-05-04 14:00:31,980 - logFile.log - INFO - No Labels...for Advisory_Speed_Limit_080 in TW for Day and Night light conditions!!
2020-05-04 14:00:31,987 - logFile.log - INFO - No Labels...for Advisory_Speed_Limit_End_080 in TW for Day and Night light conditions!!
2020-05-04 14:00:31,989 - logFile.log - INFO - No Labels...for Advisory_Speed_Limit_End_080 in TW for Day and Night light conditions!!
2020-05-04 14:00:32,002 - logFile.log - INFO - No Labels...for Advisory_Speed_Limit_End_060 in TW for Day and Night light conditions!!
2020-05-04 14:00:32,003 - logFile.log - INFO - No Labels...for Advisory_Speed_Limit_End_060 in TW for Day and Night light conditions!!
2020-05-04 14:00:32,019 - logFile.log - INFO - No Labels...for Advisory_Speed_Limit_110 in TW for Day and Night light conditions!!
2020-05-04 14:00:32,019 - logFile.log - INFO - No Labels...for Advisory_Speed_Limit_110 in TW for Day and Night light conditions!!
2020-05-04 14:00:32,026 - logFile.log - INFO - No Labels...for Advisory_Speed_Limit_080 in CA for Day and Night light conditions!!
2020-05-04 14:00:32,028 - logFile.log - INFO - No Labels...for Advisory_Speed_Limit_080 in CA for Day and Night light conditions!!
2020-05-04 14:00:32,033 - logFile.log - INFO - No Labels...for Advisory_Speed_Limit_End_080 in CA for Day and Night light conditions!!
2020-05-04 14:00:32,036 - logFile.log - INFO - No Labels...for Advisory_Speed_Limit_End_080 in CA for Day and Night light conditions!!
2020-05-04 14:00:32,042 - logFile.log - INFO - No Labels...for Advisory_Speed_Limit_End_060 in CA for Day and Night light conditions!!
2020-05-04 14:00:32,043 - logFile.log - INFO - No Labels...for Advisory_Speed_Limit_End_060 in CA for Day and Night light conditions!!
2020-05-04 14:00:32,049 - logFile.log - INFO - No Labels...for Advisory_Speed_Limit_110 in CA for Day and Night light conditions!!
2020-05-04 14:00:32,052 - logFile.log - INFO - No Labels...for Advisory_Speed_Limit_110 in CA for Day and Night light conditions!!
2020-05-04 14:00:32,071 - logFile.log - INFO - No Labels...for Advisory_Speed_Limit_080 in MY for Day and Night light conditions!!
2020-05-04 14:00:32,071 - logFile.log - INFO - No Labels...for Advisory_Speed_Limit_080 in MY for Day and Night light conditions!!
2020-05-04 14:00:32,078 - logFile.log - INFO - No Labels...for Advisory_Speed_Limit_End_080 in MY for Day and Night light conditions!!
2020-05-04 14:00:32,078 - logFile.log - INFO - No Labels...for Advisory_Speed_Limit_End_080 in MY for Day and Night light conditions!!
2020-05-04 14:00:32,085 - logFile.log - INFO - No Labels...for Advisory_Speed_Limit_End_060 in MY for Day and Night light conditions!!
2020-05-04 14:00:32,085 - logFile.log - INFO - No Labels...for Advisory_Speed_Limit_End_060 in MY for Day and Night light conditions!!
2020-05-04 14:00:32,094 - logFile.log - INFO - No Labels...for Advisory_Speed_Limit_110 in MY for Day and Night light conditions!!
2020-05-04 14:00:32,094 - logFile.log - INFO - No Labels...for Advisory_Speed_Limit_110 in MY for Day and Night light conditions!!
2020-05-04 14:00:32,148 - logFile.log - INFO - No Labels...for Advisory_Speed_Limit_080 in IL for Day and Night light conditions!!
2020-05-04 14:00:32,153 - logFile.log - INFO - No Labels...for Advisory_Speed_Limit_080 in IL for Day and Night light conditions!!
2020-05-04 14:00:32,158 - logFile.log - INFO - No Labels...for Advisory_Speed_Limit_End_080 in IL for Day and Night light conditions!!
2020-05-04 14:00:32,161 - logFile.log - INFO - No Labels...for Advisory_Speed_Limit_End_080 in IL for Day and Night light conditions!!
2020-05-04 14:00:32,165 - logFile.log - INFO - No Labels...for Advisory_Speed_Limit_End_060 in IL for Day and Night light conditions!!
2020-05-04 14:00:32,171 - logFile.log - INFO - No Labels...for Advisory_Speed_Limit_End_060 in IL for Day and Night light conditions!!
2020-05-04 14:00:32,173 - logFile.log - INFO - No Labels...for Advisory_Speed_Limit_110 in IL for Day and Night light conditions!!
2020-05-04 14:00:32,178 - logFile.log - INFO - No Labels...for Advisory_Speed_Limit_110 in IL for Day and Night light conditions!!
2020-05-04 14:00:32,180 - logFile.log - INFO - No Labels...for Advisory_Speed_Limit_080 in AD for Day and Night light conditions!!
2020-05-04 14:00:32,187 - logFile.log - INFO - No Labels...for Advisory_Speed_Limit_080 in AD for Day and Night light conditions!!
2020-05-04 14:00:32,187 - logFile.log - INFO - No Labels...for Advisory_Speed_Limit_End_080 in AD for Day and Night light conditions!!
2020-05-04 14:00:32,196 - logFile.log - INFO - No Labels...for Advisory_Speed_Limit_End_060 in AD for Day and Night light conditions!!
2020-05-04 14:00:32,196 - logFile.log - INFO - No Labels...for Advisory_Speed_Limit_End_080 in AD for Day and Night light conditions!!
2020-05-04 14:00:32,203 - logFile.log - INFO - No Labels...for Advisory_Speed_Limit_110 in AD for Day and Night light conditions!!
2020-05-04 14:00:32,207 - logFile.log - INFO - No Labels...for Advisory_Speed_Limit_End_060 in AD for Day and Night light conditions!!
2020-05-04 14:00:32,216 - logFile.log - INFO - No Labels...for Advisory_Speed_Limit_110 in AD for Day and Night light conditions!!
2020-05-04 14:00:32,234 - logFile.log - INFO - No Labels...for Advisory_Speed_Limit_080 in SI for Day and Night light conditions!!
2020-05-04 14:00:32,234 - logFile.log - INFO - No Labels...for Advisory_Speed_Limit_080 in SI for Day and Night light conditions!!
2020-05-04 14:00:32,256 - logFile.log - INFO - No Labels...for Advisory_Speed_Limit_End_080 in SI for Day and Night light conditions!!
2020-05-04 14:00:32,259 - logFile.log - INFO - No Labels...for Advisory_Speed_Limit_End_080 in SI for Day and Night light conditions!!
2020-05-04 14:00:32,266 - logFile.log - INFO - No Labels...for Advisory_Speed_Limit_End_060 in SI for Day and Night light conditions!!
2020-05-04 14:00:32,267 - logFile.log - INFO - No Labels...for Advisory_Speed_Limit_End_060 in SI for Day and Night light conditions!!
2020-05-04 14:00:32,276 - logFile.log - INFO - Dumping  Raw Data for  SI ..Advisory_Speed_Limit_110...Day and Night..!!
2020-05-04 14:00:32,280 - logFile.log - INFO - Dumping  Raw Data for  SI ..Advisory_Speed_Limit_110...Day and Night..!!
